<?xml version="1.0" encoding="UTF-8"?>
<testng-results ignored="0" total="1" passed="1" failed="0" skipped="0">
  <reporter-output>
  </reporter-output>
  <suite started-at="2022-10-31T15:10:05 EET" name="Regression" finished-at="2022-10-31T15:10:18 EET" duration-ms="12445">
    <groups>
    </groups>
    <test started-at="2022-10-31T15:10:05 EET" name="Mobile" finished-at="2022-10-31T15:10:18 EET" duration-ms="12445">
      <class name="org.etisalat.myEtisalat.tests.searchTest">
        <test-method is-config="true" signature="beforeSuite()[pri:0, instance:org.etisalat.myEtisalat.tests.searchTest@4ae3c1cd]" started-at="2022-10-31T15:10:05 EET" name="beforeSuite" finished-at="2022-10-31T15:10:05 EET" duration-ms="307" status="PASS">
          <reporter-output>
          </reporter-output>
        </test-method> <!-- beforeSuite -->
        <test-method is-config="true" signature="beforeClass()[pri:0, instance:org.etisalat.myEtisalat.tests.searchTest@4ae3c1cd]" started-at="2022-10-31T15:10:05 EET" name="beforeClass" finished-at="2022-10-31T15:10:08 EET" duration-ms="2796" status="PASS">
          <reporter-output>
          </reporter-output>
        </test-method> <!-- beforeClass -->
        <test-method signature="test()[pri:0, instance:org.etisalat.myEtisalat.tests.searchTest@4ae3c1cd]" started-at="2022-10-31T15:10:08 EET" name="test" finished-at="2022-10-31T15:10:17 EET" duration-ms="8974" status="PASS">
          <reporter-output>
          </reporter-output>
        </test-method> <!-- test -->
        <test-method is-config="true" signature="afterClass()[pri:0, instance:org.etisalat.myEtisalat.tests.searchTest@4ae3c1cd]" started-at="2022-10-31T15:10:17 EET" name="afterClass" finished-at="2022-10-31T15:10:18 EET" duration-ms="642" status="PASS">
          <reporter-output>
          </reporter-output>
        </test-method> <!-- afterClass -->
      </class> <!-- org.etisalat.myEtisalat.tests.searchTest -->
    </test> <!-- Mobile -->
  </suite> <!-- Regression -->
</testng-results>
